#
# There is insufficient memory for the Java Runtime Environment to continue.
# Native memory allocation (mmap) failed to map 67108864 bytes. Error detail: G1 virtual space
# Possible reasons:
#   The system is out of physical RAM or swap space
#   This process is running with CompressedOops enabled, and the Java Heap may be blocking the growth of the native heap
# Possible solutions:
#   Reduce memory load on the system
#   Increase physical memory or swap space
#   Check if swap backing store is full
#   Decrease Java heap size (-Xmx/-Xms)
#   Decrease number of Java threads
#   Decrease Java thread stack sizes (-Xss)
#   Set larger code cache with -XX:ReservedCodeCacheSize=
#   JVM is running with Unscaled Compressed Oops mode in which the Java heap is
#     placed in the first 4GB address space. The Java Heap base address is the
#     maximum limit for the native heap growth. Please use -XX:HeapBaseMinAddress
#     to set the Java Heap base and to place the Java Heap above 4GB virtual address.
# This output file may be truncated or incomplete.
#
#  Out of Memory Error (os_windows.cpp:3631), pid=2080, tid=1064
#
# JRE version:  (22.0+36) (build )
# Java VM: OpenJDK 64-Bit Server VM (22+36-2370, mixed mode, sharing, tiered, compressed oops, compressed class ptrs, g1 gc, windows-amd64)
# No core dump will be written. Minidumps are not enabled by default on client versions of Windows
#

---------------  S U M M A R Y ------------

Command Line: -javaagent:C:\Program Files\JetBrains\IntelliJ IDEA Community Edition 2022.1.4\bin\IntelliJ IDEA Community Edition 2022.1.4\lib\idea_rt.jar=50555:C:\Program Files\JetBrains\IntelliJ IDEA Community Edition 2022.1.4\bin\IntelliJ IDEA Community Edition 2022.1.4\bin -Dfile.encoding=UTF-8 com.alibou.security.SecurityApplication

Host: Intel(R) Pentium(R) CPU G3250 @ 3.20GHz, 2 cores, 3G,  Windows 7 , 64 bit Build 7601 (6.1.7601.24520)
Time: Tue Apr 23 12:39:27 2024 Bangladesh Standard Time elapsed time: 0.064585 seconds (0d 0h 0m 0s)

---------------  T H R E A D  ---------------

Current thread (0x00000000000c1e20):  JavaThread "Unknown thread" [_thread_in_vm, id=1064, stack(0x0000000002070000,0x0000000002170000) (1024K)]

Stack: [0x0000000002070000,0x0000000002170000]
Native frames: (J=compiled Java code, j=interpreted, Vv=VM code, C=native code)
V  [jvm.dll+0x6e2349]  (no source info available)
V  [jvm.dll+0x874ed3]  (no source info available)
V  [jvm.dll+0x8772fe]  (no source info available)
V  [jvm.dll+0x8779d3]  (no source info available)
V  [jvm.dll+0x27fcb6]  (no source info available)
V  [jvm.dll+0x6de9e5]  (no source info available)
V  [jvm.dll+0x6d34ea]  (no source info available)
V  [jvm.dll+0x35892a]  (no source info available)
V  [jvm.dll+0x360e56]  (no source info available)
V  [jvm.dll+0x3b3d7e]  (no source info available)
V  [jvm.dll+0x3b4028]  (no source info available)
V  [jvm.dll+0x32c4ec]  (no source info available)
V  [jvm.dll+0x32d0a8]  (no source info available)
V  [jvm.dll+0x83cd9c]  (no source info available)
V  [jvm.dll+0x3c0cc1]  (no source info available)
V  [jvm.dll+0x825d8c]  (no source info available)
V  [jvm.dll+0x45b9ee]  (no source info available)
V  [jvm.dll+0x45d871]  (no source info available)
C  [jli.dll+0x52a3]  (no source info available)
C  [ucrtbase.DLL+0x29363]  (no source info available)
C  [kernel32.dll+0x1556d]  (no source info available)
C  [ntdll.dll+0x5385d]  (no source info available)


---------------  P R O C E S S  ---------------

Threads class SMR info:
_java_thread_list=0x000007fed1a1c1c8, length=0, elements={
}

Java Threads: ( => current thread )
Total: 0

Other Threads:
  0x0000000000121770 WorkerThread "GC Thread#0"                     [id=4044, stack(0x000000001b1c0000,0x000000001b2c0000) (1024K)]
  0x000000000012c2d0 ConcurrentGCThread "G1 Main Marker"            [id=4780, stack(0x000000001b530000,0x000000001b630000) (1024K)]
  0x000000000012ca90 WorkerThread "G1 Conc#0"                       [id=6404, stack(0x000000001b720000,0x000000001b820000) (1024K)]

[error occurred during error reporting (printing all threads), id 0xc0000005, EXCEPTION_ACCESS_VIOLATION (0xc0000005) at pc=0x000007fed116f2b7]
VM state: not at safepoint (not fully initialized)

VM Mutex/Monitor currently owned by a thread:  ([mutex/lock_event])
[0x000007fed1a9ccc8] Heap_lock - owner thread: 0x00000000000c1e20

Heap address: 0x00000000c1a00000, size: 998 MB, Compressed Oops mode: 32-bit

CDS archive(s) mapped at: [0x0000000000000000-0x0000000000000000-0x0000000000000000), size 0, SharedBaseAddress: 0x0000000800000000, ArchiveRelocationMode: 1.
Narrow klass base: 0x0000000000000000, Narrow klass shift: 0, Narrow klass range: 0x0

GC Precious Log:
 CardTable entry size: 512
 Card Set container configuration: InlinePtr #cards 5 size 8 Array Of Cards #cards 12 size 40 Howl #buckets 4 coarsen threshold 1843 Howl Bitmap #cards 512 size 80 coarsen threshold 460 Card regions per heap region 1 cards per card region 2048

Heap:
 garbage-first heap   total reserved 1021952K, committed 0K, used 0K [0x00000000c1a00000, 0x0000000100000000)
  region size 1024K, 0 young (0K), 0 survivors (0K)

[error occurred during error reporting (printing heap information), id 0xc0000005, EXCEPTION_ACCESS_VIOLATION (0xc0000005) at pc=0x000007fed156e4e9]
GC Heap History (0 events):
No events

Dll operation events (1 events):
Event: 0.062 Loaded shared library C:\Users\rcsl102\.jdks\openjdk-22\bin\java.dll

Deoptimization events (0 events):
No events

Classes loaded (0 events):
No events

Classes unloaded (0 events):
No events

Classes redefined (0 events):
No events

Internal exceptions (0 events):
No events

ZGC Phase Switch (0 events):
No events

VM Operations (0 events):
No events

Events (0 events):
No events


Dynamic libraries:
0x000000013f430000 - 0x000000013f43e000 	C:\Users\rcsl102\.jdks\openjdk-22\bin\java.exe
0x0000000076ff0000 - 0x000000007718f000 	C:\Windows\SYSTEM32\ntdll.dll
0x0000000076dd0000 - 0x0000000076eef000 	C:\Windows\system32\kernel32.dll
0x000007fefd160000 - 0x000007fefd1c7000 	C:\Windows\system32\KERNELBASE.dll
0x000007fef7740000 - 0x000007fef7757000 	C:\Users\rcsl102\.jdks\openjdk-22\bin\jli.dll
0x000007fefb5a0000 - 0x000007fefb795000 	C:\Windows\WinSxS\amd64_microsoft.windows.common-controls_6595b64144ccf1df_6.0.7601.24483_none_e372d88f30fbb845\COMCTL32.dll
0x000007fefe260000 - 0x000007fefe2ff000 	C:\Windows\system32\msvcrt.dll
0x000007fefdf70000 - 0x000007fefdfd7000 	C:\Windows\system32\GDI32.dll
0x0000000076ef0000 - 0x0000000076fea000 	C:\Windows\system32\USER32.dll
0x000007feff090000 - 0x000007feff09e000 	C:\Windows\system32\LPK.dll
0x000007fefd620000 - 0x000007fefd6eb000 	C:\Windows\system32\USP10.dll
0x000007fefdbc0000 - 0x000007fefdc31000 	C:\Windows\system32\SHLWAPI.dll
0x000007feecb90000 - 0x000007feecbab000 	C:\Users\rcsl102\.jdks\openjdk-22\bin\VCRUNTIME140.dll
0x000007fef98f0000 - 0x000007fef98f5000 	C:\Users\rcsl102\.jdks\openjdk-22\bin\api-ms-win-crt-runtime-l1-1-0.dll
0x000007fee1370000 - 0x000007fee1481000 	C:\Users\rcsl102\.jdks\openjdk-22\bin\ucrtbase.DLL
0x000007fef9d50000 - 0x000007fef9d54000 	C:\Users\rcsl102\.jdks\openjdk-22\bin\api-ms-win-core-file-l1-2-0.dll
0x000007fef7af0000 - 0x000007fef7af4000 	C:\Users\rcsl102\.jdks\openjdk-22\bin\api-ms-win-core-localization-l1-2-0.dll
0x000007fef7730000 - 0x000007fef7734000 	C:\Users\rcsl102\.jdks\openjdk-22\bin\api-ms-win-core-processthreads-l1-1-1.dll
0x000007fef76f0000 - 0x000007fef76f4000 	C:\Users\rcsl102\.jdks\openjdk-22\bin\api-ms-win-core-timezone-l1-1-0.dll
0x000007fef76b0000 - 0x000007fef76b4000 	C:\Users\rcsl102\.jdks\openjdk-22\bin\api-ms-win-core-file-l2-1-0.dll
0x000007feecbc0000 - 0x000007feecbc4000 	C:\Users\rcsl102\.jdks\openjdk-22\bin\api-ms-win-core-synch-l1-2-0.dll
0x000007feecb70000 - 0x000007feecb74000 	C:\Users\rcsl102\.jdks\openjdk-22\bin\api-ms-win-crt-heap-l1-1-0.dll
0x000007fee9380000 - 0x000007fee9385000 	C:\Users\rcsl102\.jdks\openjdk-22\bin\api-ms-win-crt-string-l1-1-0.dll
0x000007fee9970000 - 0x000007fee9975000 	C:\Users\rcsl102\.jdks\openjdk-22\bin\api-ms-win-crt-stdio-l1-1-0.dll
0x000007fee9360000 - 0x000007fee9365000 	C:\Users\rcsl102\.jdks\openjdk-22\bin\api-ms-win-crt-convert-l1-1-0.dll
0x000007fee9370000 - 0x000007fee9374000 	C:\Users\rcsl102\.jdks\openjdk-22\bin\api-ms-win-crt-environment-l1-1-0.dll
0x000007fee9240000 - 0x000007fee9244000 	C:\Users\rcsl102\.jdks\openjdk-22\bin\api-ms-win-crt-filesystem-l1-1-0.dll
0x000007fee9350000 - 0x000007fee9356000 	C:\Users\rcsl102\.jdks\openjdk-22\bin\api-ms-win-crt-math-l1-1-0.dll
0x000007fee5ee0000 - 0x000007fee5ee4000 	C:\Users\rcsl102\.jdks\openjdk-22\bin\api-ms-win-crt-locale-l1-1-0.dll
0x000007feff250000 - 0x000007feff27e000 	C:\Windows\system32\IMM32.DLL
0x000007fefd280000 - 0x000007fefd38b000 	C:\Windows\system32\MSCTF.dll
0x000007fee9230000 - 0x000007fee923c000 	C:\Users\rcsl102\.jdks\openjdk-22\bin\vcruntime140_1.dll
0x000007fee3e50000 - 0x000007fee3ede000 	C:\Users\rcsl102\.jdks\openjdk-22\bin\msvcp140.dll
0x000007fee5ec0000 - 0x000007fee5ec4000 	C:\Users\rcsl102\.jdks\openjdk-22\bin\api-ms-win-crt-time-l1-1-0.dll
0x000007fee5ed0000 - 0x000007fee5ed4000 	C:\Users\rcsl102\.jdks\openjdk-22\bin\api-ms-win-crt-utility-l1-1-0.dll
0x000007fed0e30000 - 0x000007fed1b78000 	C:\Users\rcsl102\.jdks\openjdk-22\bin\server\jvm.dll
0x000007fefd540000 - 0x000007fefd61b000 	C:\Windows\system32\ADVAPI32.dll
0x000007feff0a0000 - 0x000007feff0bf000 	C:\Windows\SYSTEM32\sechost.dll
0x000007fefdc40000 - 0x000007fefdd6c000 	C:\Windows\system32\RPCRT4.dll
0x000007fefb900000 - 0x000007fefb92c000 	C:\Windows\system32\POWRPROF.dll
0x000007fefdfe0000 - 0x000007fefe1b7000 	C:\Windows\system32\SETUPAPI.dll
0x000007fefcec0000 - 0x000007fefcef6000 	C:\Windows\system32\CFGMGR32.dll
0x000007fefd390000 - 0x000007fefd46b000 	C:\Windows\system32\OLEAUT32.dll
0x000007fefdd70000 - 0x000007fefdf6f000 	C:\Windows\system32\ole32.dll
0x000007fefcf20000 - 0x000007fefcf3a000 	C:\Windows\system32\DEVOBJ.dll
0x000007fefd470000 - 0x000007fefd4bd000 	C:\Windows\system32\WS2_32.dll
0x000007fefd6f0000 - 0x000007fefd6f8000 	C:\Windows\system32\NSI.dll
0x000007fef92b0000 - 0x000007fef92eb000 	C:\Windows\system32\WINMM.dll
0x000007fefbf00000 - 0x000007fefbf0c000 	C:\Windows\system32\VERSION.dll
0x000007fee5bc0000 - 0x000007fee5bca000 	C:\Users\rcsl102\.jdks\openjdk-22\bin\jimage.dll
0x000007fefbdc0000 - 0x000007fefbee5000 	C:\Windows\system32\DBGHELP.DLL
0x000007fef5890000 - 0x000007fef589f000 	C:\Users\rcsl102\.jdks\openjdk-22\bin\instrument.dll
0x000007fee5810000 - 0x000007fee582e000 	C:\Users\rcsl102\.jdks\openjdk-22\bin\java.dll
0x000007fefe300000 - 0x000007feff08b000 	C:\Windows\system32\SHELL32.dll

dbghelp: loaded successfully - version: 4.0.5 - missing functions: none
symbol engine: initialized successfully - sym options: 0x614 - pdb path: .;C:\Users\rcsl102\.jdks\openjdk-22\bin;C:\Windows\SYSTEM32;C:\Windows\WinSxS\amd64_microsoft.windows.common-controls_6595b64144ccf1df_6.0.7601.24483_none_e372d88f30fbb845;C:\Users\rcsl102\.jdks\openjdk-22\bin\server

VM Arguments:
jvm_args: -javaagent:C:\Program Files\JetBrains\IntelliJ IDEA Community Edition 2022.1.4\bin\IntelliJ IDEA Community Edition 2022.1.4\lib\idea_rt.jar=50555:C:\Program Files\JetBrains\IntelliJ IDEA Community Edition 2022.1.4\bin\IntelliJ IDEA Community Edition 2022.1.4\bin -Dfile.encoding=UTF-8 
java_command: com.alibou.security.SecurityApplication
java_class_path (initial): E:\project\security\target\classes;C:\Users\rcsl102\.m2\repository\org\springframework\boot\spring-boot-starter-data-jpa\3.2.4\spring-boot-starter-data-jpa-3.2.4.jar;C:\Users\rcsl102\.m2\repository\org\springframework\boot\spring-boot-starter-aop\3.2.4\spring-boot-starter-aop-3.2.4.jar;C:\Users\rcsl102\.m2\repository\org\aspectj\aspectjweaver\1.9.21\aspectjweaver-1.9.21.jar;C:\Users\rcsl102\.m2\repository\org\springframework\boot\spring-boot-starter-jdbc\3.2.4\spring-boot-starter-jdbc-3.2.4.jar;C:\Users\rcsl102\.m2\repository\com\zaxxer\HikariCP\5.0.1\HikariCP-5.0.1.jar;C:\Users\rcsl102\.m2\repository\org\springframework\spring-jdbc\6.1.5\spring-jdbc-6.1.5.jar;C:\Users\rcsl102\.m2\repository\org\hibernate\orm\hibernate-core\6.4.4.Final\hibernate-core-6.4.4.Final.jar;C:\Users\rcsl102\.m2\repository\jakarta\persistence\jakarta.persistence-api\3.1.0\jakarta.persistence-api-3.1.0.jar;C:\Users\rcsl102\.m2\repository\jakarta\transaction\jakarta.transaction-api\2.0.1\jakarta.transaction-api-2.0.1.jar;C:\Users\rcsl102\.m2\repository\org\jboss\logging\jboss-logging\3.5.3.Final\jboss-logging-3.5.3.Final.jar;C:\Users\rcsl102\.m2\repository\org\hibernate\common\hibernate-commons-annotations\6.0.6.Final\hibernate-commons-annotations-6.0.6.Final.jar;C:\Users\rcsl102\.m2\repository\io\smallrye\jandex\3.1.2\jandex-3.1.2.jar;C:\Users\rcsl102\.m2\repository\com\fasterxml\classmate\1.6.0\classmate-1.6.0.jar;C:\Users\rcsl102\.m2\repository\net\bytebuddy\byte-buddy\1.14.12\byte-buddy-1.14.12.jar;C:\Users\rcsl102\.m2\repository\org\glassfish\jaxb\jaxb-runtime\4.0.5\jaxb-runtime-4.0.5.jar;C:\Users\rcsl102\.m2\repository\org\glassfish\jaxb\jaxb-core\4.0.5\jaxb-core-4.0.5.jar;C:\Users\rcsl102\.m2\repository\org\eclipse\angus\angus-activation\2.0.2\angus-activation-2.0.2.jar;C:\Users\rcsl102\.m2\repository\org\glassfish\jaxb\txw2\4.0.5\txw2-4.0.5.jar;C:\Users\rcsl102\.m2\repository\com\sun\istack\istack-commons-runtime\4.1.2\istack-commons-runtime-4.1.2.jar;C:\Users\rcsl102\.m2\repository\jakarta\inject\jakarta.inject-api\2.0.1\jakarta.inject-api-2.0.1.jar;C:\Users\rcsl102\.m2\repository\org\antlr\antlr4-runtime\4.13.0\antlr4-runtime-4.13.0.jar;C:\Users\rcsl102\.m2\repository\org\springframework\data\spring-data-jpa\3.2.4\spring-data-jpa-3.2.4.jar;C:\Users\rcsl102\.m2\repository\org\springframework\data\spring-data-commons\3.2.4\spring-data-commons-3.2.4.jar;C:\Users\rcsl102\.m2\repository\org\springframework\spring-orm\6.1.5\spring-orm-6.1.5.jar;C:\Users\rcsl102\.m2\repository\org\springframework\spring-tx\6.1.5\spring-tx-6.1.5.jar;C:\Users\rcsl102\.m2\repository\jakarta\annotation\jakarta.annotation-api\2.1.1\jakarta.annotation-api-2.1.1.jar;C:\Users\rcsl102\.m2\repository\org\slf4j\slf4j-api\2.0.12\slf4j-api-2.0.12.jar;C:\Users\rcsl102\.m2\repository\org\springframework\spring-aspects\6.1.5\spring-aspects-6.1.5.jar;C:\Users\rcsl102\.m2\repository\org\springframework\boot\spring-boot-starter-security\3.2.4\spring-boot-starter-security-3.2.4.jar;C:\Users\rcsl102\.m2\repository\org\springframework\boot\spring-boot-starter\3.2.4\spring-boot-starter-3.2.4.jar;C:\Users\rcsl102\.m2\repository\org\springframework\boot\spring-boot\3.2.4\spring-boot-3.2.4.jar;C:\Users\rcsl102\.m2\repository\org\springframework\boot\spring-boot-autoconfigure\3.2.4\spring-boot-autoconfigure-3.2.4.jar;C:\Users\rcsl102\.m2\repository\org\springframework\boot\spring-boot-starter-logging\3.2.4\spring-boot-starter-logging-3.2.4.jar;C:\Users\rcsl102\.m2\repository\ch\qos\logback\logback-classic\1.4.14\logback-classic-1.4.14.jar;C:\Users\rcsl102\.m2\repository\ch\qos\logback\logback-core\1.4.14\logback-core-1.4.14.jar;C:\Users\rcsl102\.m2\repository\org\apache\logging\log4j\log4j-to-slf4j\2.21.1\log4j-to-slf4j-2.21.1.jar;C:\Users\rcsl102\.m2\repository\org\apache\logging\log4j\log4j-api\2.21.1\log4j-api-2.21.1.jar;C:\Users\rcsl102\.m2\repository\org\slf4j\jul-to-slf4j\2.0.12\jul-to-slf4j-2.0.12.jar;C:\Users\rcsl102\.m2\repository\org\yaml\snakeyaml\2.2\snakeyaml-2.2.jar;C:\Users\rcsl102\.m2\repository\org\springframework\spring-aop\6.1.5\spring-aop-6.1.5.jar;C:\Users\rcsl102\.m2\repository\org\springframework\security\spring-security-config\6.2.3\spring-security-config-6.2.3.jar;C:\Users\rcsl102\.m2\repository\org\springframework\security\spring-security-web\6.2.3\spring-security-web-6.2.3.jar;C:\Users\rcsl102\.m2\repository\org\springframework\boot\spring-boot-starter-web\3.2.4\spring-boot-starter-web-3.2.4.jar;C:\Users\rcsl102\.m2\repository\org\springframework\boot\spring-boot-starter-json\3.2.4\spring-boot-starter-json-3.2.4.jar;C:\Users\rcsl102\.m2\repository\com\fasterxml\jackson\core\jackson-databind\2.15.4\jackson-databind-2.15.4.jar;C:\Users\rcsl102\.m2\repository\com\fasterxml\jackson\core\jackson-annotations\2.15.4\jackson-annotations-2.15.4.jar;C:\Users\rcsl102\.m2\repository\com\fasterxml\jackson\core\jackson-core\2.15.4\jackson-core-2.15.4.jar;C:\Users\rcsl102\.m2\repository\com\fasterxml\jackson\datatype\jackson-datatype-jdk8\2.15.4\jackson-datatype-jdk8-2.15.4.jar;C:\Users\rcsl102\.m2\repository\com\fasterxml\jackson\datatype\jackson-datatype-jsr310\2.15.4\jackson-datatype-jsr310-2.15.4.jar;C:\Users\rcsl102\.m2\repository\com\fasterxml\jackson\module\jackson-module-parameter-names\2.15.4\jackson-module-parameter-names-2.15.4.jar;C:\Users\rcsl102\.m2\repository\org\springframework\boot\spring-boot-starter-tomcat\3.2.4\spring-boot-starter-tomcat-3.2.4.jar;C:\Users\rcsl102\.m2\repository\org\apache\tomcat\embed\tomcat-embed-core\10.1.19\tomcat-embed-core-10.1.19.jar;C:\Users\rcsl102\.m2\repository\org\apache\tomcat\embed\tomcat-embed-el\10.1.19\tomcat-embed-el-10.1.19.jar;C:\Users\rcsl102\.m2\repository\org\apache\tomcat\embed\tomcat-embed-websocket\10.1.19\tomcat-embed-websocket-10.1.19.jar;C:\Users\rcsl102\.m2\repository\org\springframework\spring-web\6.1.5\spring-web-6.1.5.jar;C:\Users\rcsl102\.m2\repository\org\springframework\spring-webmvc\6.1.5\spring-webmvc-6.1.5.jar;C:\Users\rcsl102\.m2\repository\com\oracle\database\jdbc\ojdbc11\21.9.0.0\ojdbc11-21.9.0.0.jar;C:\Users\rcsl102\.m2\repository\org\projectlombok\lombok\1.18.30\lombok-1.18.30.jar;C:\Users\rcsl102\.m2\repository\jakarta\xml\bind\jakarta.xml.bind-api\4.0.2\jakarta.xml.bind-api-4.0.2.jar;C:\Users\rcsl102\.m2\repository\jakarta\activation\jakarta.activation-api\2.1.3\jakarta.activation-api-2.1.3.jar;C:\Users\rcsl102\.m2\repository\org\hamcrest\hamcrest\2.2\hamcrest-2.2.jar;C:\Users\rcsl102\.m2\repository\org\springframework\spring-core\6.1.5\spring-core-6.1.5.jar;C:\Users\rcsl102\.m2\repository\org\springframework\spring-jcl\6.1.5\spring-jcl-6.1.5.jar;C:\Users\rcsl102\.m2\repository\org\webjars\bootstrap\1.3.0\bootstrap-1.3.0.jar;C:\Users\rcsl102\.m2\repository\org\webjars\jquery\1.9.0\jquery-1.9.0.jar;C:\Users\rcsl102\.m2\repository\org\springframework\security\spring-security-core\6.2.3\spring-security-core-6.2.3.jar;C:\Users\rcsl102\.m2\repository\org\springframework\security\spring-security-crypto\6.2.3\spring-security-crypto-6.2.3.jar;C:\Users\rcsl102\.m2\repository\org\springframework\spring-context\6.1.5\spring-context-6.1.5.jar;C:\Users\rcsl102\.m2\repository\org\springframework\spring-beans\6.1.5\spring-beans-6.1.5.jar;C:\Users\rcsl102\.m2\repository\org\springframework\spring-expression\6.1.5\spring-expression-6.1.5.jar;C:\Users\rcsl102\.m2\repository\io\micrometer\micrometer-observation\1.12.4\micrometer-observation-1.12.4.jar;C:\Users\rcsl102\.m2\repository\io\micrometer\micrometer-commons\1.12.4\micrometer-commons-1.12.4.jar;C:\Users\rcsl102\.m2\repository\javax\mail\mail\1.5.0-b01\mail-1.5.0-b01.jar;C:\Users\rcsl102\.m2\repository\javax\activation\activation\1.1\activation-1.1.jar;C:\Users\rcsl102\.m2\repository\org\springframework\boot\spring-boot-maven-plugin\1.1.6.RELEASE\spring-boot-maven-plugin-1.1.6.RELEASE.jar;C:\Users\rcsl102\.m2\repository\org\springframework\boot\spring-boot-loader-tools\3.2.4\spring-boot-loader-tools-3.2.4.jar;C:\Users\rcsl102\.m2\repository\org\apache\commons\commons-compress\1.21\commons-compress-1.21.jar;C:\Users\rcsl102\.m2\repository\org\apache\maven\maven-archiver\2.5\maven-archiver-2.5.jar;C:\Users\rcsl102\.m2\repository\org\codehaus\plexus\plexus-interpolation\1.15\plexus-interpolation-1.15.jar;C:\Users\rcsl102\.m2\repository\org\apache\maven\maven-artifact\3.1.1\maven-artifact-3.1.1.jar;C:\Users\rcsl102\.m2\repository\org\apache\maven\maven-core\3.1.1\maven-core-3.1.1.jar;C:\Users\rcsl102\.m2\repository\org\apache\maven\maven-settings-builder\3.1.1\maven-settings-builder-3.1.1.jar;C:\Users\rcsl102\.m2\repository\org\apache\maven\maven-repository-metadata\3.1.1\maven-repository-metadata-3.1.1.jar;C:\Users\rcsl102\.m2\repository\org\apache\maven\maven-model-builder\3.1.1\maven-model-builder-3.1.1.jar;C:\Users\rcsl102\.m2\repository\org\apache\maven\maven-aether-provider\3.1.1\maven-aether-provider-3.1.1.jar;C:\Users\rcsl102\.m2\repository\org\eclipse\aether\aether-spi\0.9.0.M2\aether-spi-0.9.0.M2.jar;C:\Users\rcsl102\.m2\repository\org\eclipse\aether\aether-impl\0.9.0.M2\aether-impl-0.9.0.M2.jar;C:\Users\rcsl102\.m2\repository\org\eclipse\aether\aether-api\0.9.0.M2\aether-api-0.9.0.M2.jar;C:\Users\rcsl102\.m2\repository\org\eclipse\aether\aether-util\0.9.0.M2\aether-util-0.9.0.M2.jar;C:\Users\rcsl102\.m2\repository\org\eclipse\sisu\org.eclipse.sisu.plexus\0.0.0.M5\org.eclipse.sisu.plexus-0.0.0.M5.jar;C:\Users\rcsl102\.m2\repository\javax\enterprise\cdi-api\1.0\cdi-api-1.0.jar;C:\Users\rcsl102\.m2\repository\javax\annotation\jsr250-api\1.0\jsr250-api-1.0.jar;C:\Users\rcsl102\.m2\repository\javax\inject\javax.inject\1\javax.inject-1.jar;C:\Users\rcsl102\.m2\repository\com\google\guava\guava\10.0.1\guava-10.0.1.jar;C:\Users\rcsl102\.m2\repository\com\google\code\findbugs\jsr305\1.3.9\jsr305-1.3.9.jar;C:\Users\rcsl102\.m2\repository\org\sonatype\sisu\sisu-guice\3.1.0\sisu-guice-3.1.0-no_aop.jar;C:\Users\rcsl102\.m2\repository\aopalliance\aopalliance\1.0\aopalliance-1.0.jar;E:\app\rcsl102\product\11.2.0\dbhome_1\jdbc\lib\ojdbc6.jar;E:\app\rcsl102\product\11.2.0\dbhome_3\jdbc\lib\ojdbc6.jar;C:\Users\rcsl102\.m2\repository\org\eclipse\sisu\org.eclipse.sisu.inject\0.0.0.M5\org.eclipse.sisu.inject-0.0.0.M5.jar;C:\Users\rcsl102\.m2\repository\org\codehaus\plexus\plexus-classworlds\2.5.1\plexus-classworlds-2.5.1.jar;C:\Users\rcsl102\.m2\repository\org\codehaus\plexus\plexus-component-annotations\1.5.5\plexus-component-annotations-1.5.5.jar;C:\Users\rcsl102\.m2\repository\org\sonatype\plexus\plexus-sec-dispatcher\1.3\plexus-sec-dispatcher-1.3.jar;C:\Users\rcsl102\.m2\repository\org\sonatype\plexus\plexus-cipher\1.4\plexus-cipher-1.4.jar;C:\Users\rcsl102\.m2\repository\org\apache\maven\maven-model\3.1.1\maven-model-3.1.1.jar;C:\Users\rcsl102\.m2\repository\org\apache\maven\maven-plugin-api\3.1.1\maven-plugin-api-3.1.1.jar;C:\Users\rcsl102\.m2\repository\org\apache\maven\maven-settings\3.1.1\maven-settings-3.1.1.jar;C:\Users\rcsl102\.m2\repository\org\apache\maven\shared\maven-common-artifact-filters\1.4\maven-common-artifact-filters-1.4.jar;C:\Users\rcsl102\.m2\repository\org\apache\maven\maven-project\2.0.8\maven-project-2.0.8.jar;C:\Users\rcsl102\.m2\repository\org\apache\maven\maven-profile\2.0.8\maven-profile-2.0.8.jar;C:\Users\rcsl102\.m2\repository\org\apache\maven\maven-artifact-manager\2.0.8\maven-artifact-manager-2.0.8.jar;C:\Users\rcsl102\.m2\repository\org\apache\maven\wagon\wagon-provider-api\1.0-beta-2\wagon-provider-api-1.0-beta-2.jar;C:\Users\rcsl102\.m2\repository\org\apache\maven\maven-plugin-registry\2.0.8\maven-plugin-registry-2.0.8.jar;C:\Users\rcsl102\.m2\repository\org\codehaus\plexus\plexus-container-default\1.5.5\plexus-container-default-1.5.5.jar;C:\Users\rcsl102\.m2\repository\org\apache\xbean\xbean-reflect\3.4\xbean-reflect-3.4.jar;C:\Users\rcsl102\.m2\repository\log4j\log4j\1.2.12\log4j-1.2.12.jar;C:\Users\rcsl102\.m2\repository\commons-logging\commons-logging-api\1.1\commons-logging-api-1.1.jar;C:\Users\rcsl102\.m2\repository\com\google\collections\google-collections\1.0\google-collections-1.0.jar;C:\Users\rcsl102\.m2\repository\junit\junit\4.13.2\junit-4.13.2.jar;C:\Users\rcsl102\.m2\repository\org\hamcrest\hamcrest-core\2.2\hamcrest-core-2.2.jar;C:\Users\rcsl102\.m2\repository\org\codehaus\plexus\plexus-archiver\2.4.4\plexus-archiver-2.4.4.jar;C:\Users\rcsl102\.m2\repository\org\codehaus\plexus\plexus-io\2.0.10\plexus-io-2.0.10.jar;C:\Users\rcsl102\.m2\repository\org\codehaus\plexus\plexus-utils\3.0.17\plexus-utils-3.0.17.jar
Launcher Type: SUN_STANDARD

[Global flags]
     intx CICompilerCount                          = 2                                         {product} {ergonomic}
     uint ConcGCThreads                            = 1                                         {product} {ergonomic}
     uint G1ConcRefinementThreads                  = 2                                         {product} {ergonomic}
   size_t G1HeapRegionSize                         = 1048576                                   {product} {ergonomic}
   size_t InitialHeapSize                          = 67108864                                  {product} {ergonomic}
   size_t MarkStackSize                            = 4194304                                   {product} {ergonomic}
   size_t MaxHeapSize                              = 1046478848                                {product} {ergonomic}
   size_t MinHeapDeltaBytes                        = 1048576                                   {product} {ergonomic}
   size_t MinHeapSize                              = 8388608                                   {product} {ergonomic}
    uintx NonNMethodCodeHeapSize                   = 5826188                                {pd product} {ergonomic}
    uintx NonProfiledCodeHeapSize                  = 122916026                              {pd product} {ergonomic}
    uintx ProfiledCodeHeapSize                     = 122916026                              {pd product} {ergonomic}
    uintx ReservedCodeCacheSize                    = 251658240                              {pd product} {ergonomic}
     bool SegmentedCodeCache                       = true                                      {product} {ergonomic}
   size_t SoftMaxHeapSize                          = 1046478848                             {manageable} {ergonomic}
     bool UseCompressedOops                        = true                           {product lp64_product} {ergonomic}
     bool UseG1GC                                  = true                                      {product} {ergonomic}
     bool UseLargePagesIndividualAllocation        = false                                  {pd product} {ergonomic}

Logging:
Log output configuration:
 #0: stdout all=warning uptime,level,tags foldmultilines=false
 #1: stderr all=off uptime,level,tags foldmultilines=false

Environment Variables:
PATH=C:\Program Files\Common Files\Oracle\Java\javapath;E:\app\rcsl102\product\11.2.0\dbhome_3\bin;E:\app\rcsl102\product\11.2.0\dbhome_2\bin;E:\app\rcsl102\product\11.2.0\dbhome_1\bin;E:\DevSuiteHome_1\jdk\jre\bin\classic;E:\DevSuiteHome_1\jdk\jre\bin;E:\DevSuiteHome_1\jdk\jre\bin\client;E:\DevSuiteHome_1\jlib;E:\DevSuiteHome_1\bin;E:\DevSuiteHome_1\jre\1.4.2\bin\client;E:\DevSuiteHome_1\jre\1.4.2\bin;C:\Program Files (x86)\Intel\iCLS Client\;C:\Program Files\Intel\iCLS Client\;C:\Windows\system32;C:\Windows;C:\Windows\System32\Wbem;C:\Windows\System32\WindowsPowerShell\v1.0\;C:\Program Files\Intel\Intel(R) Management Engine Components\DAL;C:\Program Files\Intel\Intel(R) Management Engine Components\IPT;C:\Program Files (x86)\Intel\Intel(R) Management Engine Components\DAL;C:\Program Files (x86)\Intel\Intel(R) Management Engine Components\IPT;C:\zig-windows-x86_64-0.11.0-dev.3655+a2f54fce5;C:\oracle\instantclient_11_2;C:\Program Files\JetBrains\IntelliJ IDEA Community Edition 2022.1.4\bin\IntelliJ IDEA Community Edition 2022.1.4\bin;
USERNAME=rcsl102
OS=Windows_NT
PROCESSOR_IDENTIFIER=Intel64 Family 6 Model 60 Stepping 3, GenuineIntel
TMP=C:\Users\rcsl102\AppData\Local\Temp
TEMP=C:\Users\rcsl102\AppData\Local\Temp




Periodic native trim disabled

---------------  S Y S T E M  ---------------

OS:
 Windows 7 , 64 bit Build 7601 (6.1.7601.24520)
OS uptime: 0 days 3:21 hours

CPU: total 2 (initial active 2) (2 cores per cpu, 1 threads per core) family 6 model 60 stepping 3 microcode 0x0, cx8, cmov, fxsr, mmx, sse, sse2, sse3, ssse3, sse4.1, sse4.2, popcnt, lzcnt, tsc, tscinvbit, erms, clmul, clflush, rdtscp
Processor Information for all 2 processors :
  Max Mhz: 3200, Current Mhz: 3200, Mhz Limit: 3200

Memory: 4k page, system-wide physical 3986M (243M free)
TotalPageFile size 7985M (AvailPageFile size 63M)
current process WorkingSet (physical memory assigned to process): 11M, peak: 11M
current process commit charge ("private bytes"): 52M, peak: 115M

vm_info: OpenJDK 64-Bit Server VM (22+36-2370) for windows-amd64 JRE (22+36-2370), built on 2024-02-15T22:15:19Z by "mach5one" with MS VC++ 17.6 (VS2022)

END.
